/usr/bin/sinfo
--------------------------------------------------------------------------
mpirun was unable to launch the specified application as it could not access
or execute an executable:

Executable: ./jacobiMPI
Node: tcad32

while attempting to start process rank 0.
--------------------------------------------------------------------------
--------------------------------------------------------------------------
mpirun was unable to launch the specified application as it could not access
or execute an executable:

Executable: ./jacobiMPI
Node: tcad32

while attempting to start process rank 0.
--------------------------------------------------------------------------
2 total processes failed to start
--------------------------------------------------------------------------
mpirun was unable to launch the specified application as it could not access
or execute an executable:

Executable: ./jacobiMPI
Node: tcad32

while attempting to start process rank 0.
--------------------------------------------------------------------------
5 total processes failed to start
--------------------------------------------------------------------------
mpirun was unable to launch the specified application as it could not access
or execute an executable:

Executable: ./jacobiMPI
Node: tcad32

while attempting to start process rank 0.
--------------------------------------------------------------------------
10 total processes failed to start
--------------------------------------------------------------------------
mpirun was unable to launch the specified application as it could not access
or execute an executable:

Executable: ./jacobiMPI
Node: tcad32

while attempting to start process rank 0.
--------------------------------------------------------------------------
20 total processes failed to start
--------------------------------------------------------------------------
mpirun was unable to launch the specified application as it could not access
or execute an executable:

Executable: ./jacobiMPI
Node: tcad32

while attempting to start process rank 0.
--------------------------------------------------------------------------
40 total processes failed to start
--------------------------------------------------------------------------
mpirun was unable to launch the specified application as it could not access
or execute an executable:

Executable: ./jacobiMPI
Node: tcad32

while attempting to start process rank 0.
--------------------------------------------------------------------------
--------------------------------------------------------------------------
mpirun was unable to launch the specified application as it could not access
or execute an executable:

Executable: ./jacobiMPI
Node: tcad32

while attempting to start process rank 0.
--------------------------------------------------------------------------
2 total processes failed to start
--------------------------------------------------------------------------
mpirun was unable to launch the specified application as it could not access
or execute an executable:

Executable: ./jacobiMPI
Node: tcad32

while attempting to start process rank 0.
--------------------------------------------------------------------------
5 total processes failed to start
--------------------------------------------------------------------------
mpirun was unable to launch the specified application as it could not access
or execute an executable:

Executable: ./jacobiMPI
Node: tcad32

while attempting to start process rank 0.
--------------------------------------------------------------------------
10 total processes failed to start
--------------------------------------------------------------------------
mpirun was unable to launch the specified application as it could not access
or execute an executable:

Executable: ./jacobiMPI
Node: tcad32

while attempting to start process rank 0.
--------------------------------------------------------------------------
20 total processes failed to start
--------------------------------------------------------------------------
mpirun was unable to launch the specified application as it could not access
or execute an executable:

Executable: ./jacobiMPI
Node: tcad32

while attempting to start process rank 0.
--------------------------------------------------------------------------
40 total processes failed to start
--------------------------------------------------------------------------
mpirun was unable to launch the specified application as it could not access
or execute an executable:

Executable: ./jacobiMPI
Node: tcad32

while attempting to start process rank 0.
--------------------------------------------------------------------------
--------------------------------------------------------------------------
mpirun was unable to launch the specified application as it could not access
or execute an executable:

Executable: ./jacobiMPI
Node: tcad32

while attempting to start process rank 0.
--------------------------------------------------------------------------
2 total processes failed to start
--------------------------------------------------------------------------
mpirun was unable to launch the specified application as it could not access
or execute an executable:

Executable: ./jacobiMPI
Node: tcad32

while attempting to start process rank 0.
--------------------------------------------------------------------------
5 total processes failed to start
--------------------------------------------------------------------------
mpirun was unable to launch the specified application as it could not access
or execute an executable:

Executable: ./jacobiMPI
Node: tcad32

while attempting to start process rank 0.
--------------------------------------------------------------------------
10 total processes failed to start
--------------------------------------------------------------------------
mpirun was unable to launch the specified application as it could not access
or execute an executable:

Executable: ./jacobiMPI
Node: tcad32

while attempting to start process rank 0.
--------------------------------------------------------------------------
20 total processes failed to start
--------------------------------------------------------------------------
mpirun was unable to launch the specified application as it could not access
or execute an executable:

Executable: ./jacobiMPI
Node: tcad32

while attempting to start process rank 0.
--------------------------------------------------------------------------
40 total processes failed to start
--------------------------------------------------------------------------
mpirun was unable to launch the specified application as it could not access
or execute an executable:

Executable: ./jacobiMPI
Node: tcad32

while attempting to start process rank 0.
--------------------------------------------------------------------------
--------------------------------------------------------------------------
mpirun was unable to launch the specified application as it could not access
or execute an executable:

Executable: ./jacobiMPI
Node: tcad32

while attempting to start process rank 0.
--------------------------------------------------------------------------
2 total processes failed to start
--------------------------------------------------------------------------
mpirun was unable to launch the specified application as it could not access
or execute an executable:

Executable: ./jacobiMPI
Node: tcad32

while attempting to start process rank 0.
--------------------------------------------------------------------------
5 total processes failed to start
--------------------------------------------------------------------------
mpirun was unable to launch the specified application as it could not access
or execute an executable:

Executable: ./jacobiMPI
Node: tcad32

while attempting to start process rank 0.
--------------------------------------------------------------------------
10 total processes failed to start
--------------------------------------------------------------------------
mpirun was unable to launch the specified application as it could not access
or execute an executable:

Executable: ./jacobiMPI
Node: tcad32

while attempting to start process rank 0.
--------------------------------------------------------------------------
20 total processes failed to start
--------------------------------------------------------------------------
mpirun was unable to launch the specified application as it could not access
or execute an executable:

Executable: ./jacobiMPI
Node: tcad32

while attempting to start process rank 0.
--------------------------------------------------------------------------
40 total processes failed to start
