|++++++++++++++++++++++++++++++++++++++++++++|
Start Solver for [1000] iterations with resolution of [4000]
numprocs = 10
dims=(10,1)
coords=(0,0)
coords: 2,0 rank: 2 size: 401,4000
coords: 3,0 rank: 3 size: 401,4000
coords: 4,0 rank: 4 size: 401,4000
coords: 5,0 rank: 5 size: 401,4000
coords: 6,0 rank: 6 size: 401,4000
coords: 7,0 rank: 7 size: 401,4000
coords: 8,0 rank: 8 size: 401,4000
coords: 9,0 rank: 9 size: 409,4000
coords: 0,0 rank: 0 size: 401,4000
coords: 1,0 rank: 1 size: 401,4000
|total runtime|= 6.633002e+00 seconds
|average runtime per process|= 6.633002e-01 seconds per processor
|residual|=1.497169e+08
|residualMax|=2.426784e+06
|error|=3.193225e+04
|errorMax|=1.418251e+02
|++++++++++++++++++++++++++++++++++++++++++++|
