|++++++++++++++++++++++++++++++++++++++++++++|
Start Solver for [1000] iterations with resolution of [250]
coords: 6,0 rank: 6 size: 26,250
coords: 8,0 rank: 8 size: 26,250
coords: 9,0 rank: 9 size: 34,250
numprocs = 10
dims=(10,1)
coords=(0,0)
coords: 0,0 rank: 0 size: 26,250
coords: 1,0 rank: 1 size: 26,250
coords: 2,0 rank: 2 size: 26,250
coords: 4,0 rank: 4 size: 26,250
coords: 5,0 rank: 5 size: 26,250
coords: 3,0 rank: 3 size: 26,250
coords: 7,0 rank: 7 size: 26,250
|total runtime|= 2.765307e-02 seconds
|average runtime per process|= 2.765307e-03 seconds per processor
|residual|=1.314823e+05
|residualMax|=8.069731e+03
|error|=8.321806e+02
|errorMax|=4.007591e+01
|++++++++++++++++++++++++++++++++++++++++++++|
