|++++++++++++++++++++++++++++++++++++++++++++|
Start Solver for [1000] iterations with resolution of [125]
numprocs = 20
dims=(20,1)
coords=(0,0)
coords: 0,0 rank: 0 size: 8,125
coords: 10,0 rank: 10 size: 8,125
coords: 11,0 rank: 11 size: 8,125
coords: 12,0 rank: 12 size: 8,125
coords: 13,0 rank: 13 size: 8,125
coords: 14,0 rank: 14 size: 8,125
coords: 15,0 rank: 15 size: 8,125
coords: 16,0 rank: 16 size: 8,125
coords: 17,0 rank: 17 size: 8,125
coords: 18,0 rank: 18 size: 8,125
coords: 19,0 rank: 19 size: 11,125
coords: 4,0 rank: 4 size: 8,125
coords: 5,0 rank: 5 size: 8,125
coords: 6,0 rank: 6 size: 8,125
coords: 7,0 rank: 7 size: 8,125
coords: 8,0 rank: 8 size: 8,125
coords: 9,0 rank: 9 size: 8,125
coords: 1,0 rank: 1 size: 8,125
coords: 2,0 rank: 2 size: 8,125
coords: 3,0 rank: 3 size: 8,125
|total runtime|= 8.673617e-03 seconds
|average runtime per process|= 4.336809e-04 seconds per processor
|residual|=4.231357e+03
|residualMax|=4.852443e+02
|error|=3.945220e+01
|errorMax|=4.086741e+00
|++++++++++++++++++++++++++++++++++++++++++++|
