/usr/bin/sinfo
|++++++++++++++++++++++++++++++++++++++++++++|
Start 1-D Solver for [1000] iterations with resolution of [125]
numprocs = 1
dims=(1,1)
|total runtime|= 4.607746e-02 seconds
|average runtime per process|= 4.607746e-02 seconds per processor
|residual|=4.557826e+04
|residualMax|=1.112254e+03
|error|=1.838301e+03
|errorMax|=4.089592e+01
|++++++++++++++++++++++++++++++++++++++++++++|
|++++++++++++++++++++++++++++++++++++++++++++|
Start 1-D Solver for [1000] iterations with resolution of [125]
numprocs = 2
dims=(2,1)
|total runtime|= 5.600671e-02 seconds
|average runtime per process|= 1.400690e-02 seconds per processor
|residual|=4.557826e+04
|residualMax|=1.112254e+03
|error|=1.838301e+03
|errorMax|=4.089592e+01
|++++++++++++++++++++++++++++++++++++++++++++|
|++++++++++++++++++++++++++++++++++++++++++++|
Start 1-D Solver for [1000] iterations with resolution of [125]
numprocs = 5
dims=(5,1)
|total runtime|= 9.614212e-02 seconds
|average runtime per process|= 3.846708e-03 seconds per processor
|residual|=4.557826e+04
|residualMax|=1.112254e+03
|error|=1.838301e+03
|errorMax|=4.089592e+01
|++++++++++++++++++++++++++++++++++++++++++++|
|++++++++++++++++++++++++++++++++++++++++++++|
Start 1-D Solver for [1000] iterations with resolution of [125]
numprocs = 10
dims=(10,1)
|total runtime|= 1.828409e-01 seconds
|average runtime per process|= 1.899353e-03 seconds per processor
|residual|=4.557826e+04
|residualMax|=1.112254e+03
|error|=1.838301e+03
|errorMax|=4.089592e+01
|++++++++++++++++++++++++++++++++++++++++++++|
|++++++++++++++++++++++++++++++++++++++++++++|
Start 1-D Solver for [1000] iterations with resolution of [125]
numprocs = 20
dims=(20,1)
|total runtime|= 3.875055e-01 seconds
|average runtime per process|= 9.689073e-04 seconds per processor
|residual|=4.557826e+04
|residualMax|=1.112254e+03
|error|=1.838301e+03
|errorMax|=4.089592e+01
|++++++++++++++++++++++++++++++++++++++++++++|
|++++++++++++++++++++++++++++++++++++++++++++|
Start 1-D Solver for [1000] iterations with resolution of [125]
numprocs = 40
dims=(40,1)
|total runtime|= 9.503837e-01 seconds
|average runtime per process|= 5.953420e-04 seconds per processor
|residual|=4.557826e+04
|residualMax|=1.112254e+03
|error|=1.838301e+03
|errorMax|=4.089592e+01
|++++++++++++++++++++++++++++++++++++++++++++|
|++++++++++++++++++++++++++++++++++++++++++++|
Start 1-D Solver for [1000] iterations with resolution of [250]
numprocs = 1
dims=(1,1)
|total runtime|= 2.048453e-01 seconds
|average runtime per process|= 2.048453e-01 seconds per processor
|residual|=6.800220e+05
|residualMax|=1.171728e+04
|error|=6.635753e+03
|errorMax|=8.564551e+01
|++++++++++++++++++++++++++++++++++++++++++++|
|++++++++++++++++++++++++++++++++++++++++++++|
Start 1-D Solver for [1000] iterations with resolution of [250]
numprocs = 2
dims=(2,1)
|total runtime|= 1.988308e-01 seconds
|average runtime per process|= 4.973112e-02 seconds per processor
|residual|=6.800220e+05
|residualMax|=1.171728e+04
|error|=6.635753e+03
|errorMax|=8.564551e+01
|++++++++++++++++++++++++++++++++++++++++++++|
|++++++++++++++++++++++++++++++++++++++++++++|
Start 1-D Solver for [1000] iterations with resolution of [250]
numprocs = 5
dims=(5,1)
|total runtime|= 2.683617e-01 seconds
|average runtime per process|= 1.074529e-02 seconds per processor
|residual|=6.800220e+05
|residualMax|=1.171728e+04
|error|=6.635753e+03
|errorMax|=8.564551e+01
|++++++++++++++++++++++++++++++++++++++++++++|
|++++++++++++++++++++++++++++++++++++++++++++|
Start 1-D Solver for [1000] iterations with resolution of [250]
numprocs = 10
dims=(10,1)
|total runtime|= 4.034636e-01 seconds
|average runtime per process|= 4.037578e-03 seconds per processor
|residual|=6.800220e+05
|residualMax|=1.171728e+04
|error|=6.635753e+03
|errorMax|=8.564551e+01
|++++++++++++++++++++++++++++++++++++++++++++|
|++++++++++++++++++++++++++++++++++++++++++++|
Start 1-D Solver for [1000] iterations with resolution of [250]
numprocs = 20
dims=(20,1)
|total runtime|= 7.003430e-01 seconds
|average runtime per process|= 1.752561e-03 seconds per processor
|residual|=6.800220e+05
|residualMax|=1.171728e+04
|error|=6.635753e+03
|errorMax|=8.564551e+01
|++++++++++++++++++++++++++++++++++++++++++++|
|++++++++++++++++++++++++++++++++++++++++++++|
Start 1-D Solver for [1000] iterations with resolution of [250]
numprocs = 40
dims=(40,1)
|total runtime|= 2.106657e+00 seconds
|average runtime per process|= 1.317231e-03 seconds per processor
|residual|=6.800220e+05
|residualMax|=1.171728e+04
|error|=6.635753e+03
|errorMax|=8.564551e+01
|++++++++++++++++++++++++++++++++++++++++++++|
|++++++++++++++++++++++++++++++++++++++++++++|
Start 1-D Solver for [1000] iterations with resolution of [1000]
numprocs = 1
dims=(1,1)
|total runtime|= 3.757236e+00 seconds
|average runtime per process|= 3.757236e+00 seconds per processor
|residual|=2.939145e+07
|residualMax|=2.531387e+05
|error|=4.527687e+04
|errorMax|=1.900075e+02
|++++++++++++++++++++++++++++++++++++++++++++|
|++++++++++++++++++++++++++++++++++++++++++++|
Start 1-D Solver for [1000] iterations with resolution of [1000]
numprocs = 2
dims=(2,1)
|total runtime|= 3.964825e+00 seconds
|average runtime per process|= 9.918940e-01 seconds per processor
|residual|=2.939145e+07
|residualMax|=2.531387e+05
|error|=4.527687e+04
|errorMax|=1.900075e+02
|++++++++++++++++++++++++++++++++++++++++++++|
|++++++++++++++++++++++++++++++++++++++++++++|
Start 1-D Solver for [1000] iterations with resolution of [1000]
numprocs = 5
dims=(5,1)
|total runtime|= 3.798862e+00 seconds
|average runtime per process|= 1.520963e-01 seconds per processor
|residual|=2.939145e+07
|residualMax|=2.531387e+05
|error|=4.527687e+04
|errorMax|=1.900075e+02
|++++++++++++++++++++++++++++++++++++++++++++|
|++++++++++++++++++++++++++++++++++++++++++++|
Start 1-D Solver for [1000] iterations with resolution of [1000]
numprocs = 10
dims=(10,1)
|total runtime|= 4.212755e+00 seconds
|average runtime per process|= 4.219787e-02 seconds per processor
|residual|=2.939145e+07
|residualMax|=2.531387e+05
|error|=4.527687e+04
|errorMax|=1.900075e+02
|++++++++++++++++++++++++++++++++++++++++++++|
|++++++++++++++++++++++++++++++++++++++++++++|
Start 1-D Solver for [1000] iterations with resolution of [1000]
numprocs = 20
dims=(20,1)
|total runtime|= 5.697114e+00 seconds
|average runtime per process|= 1.426357e-02 seconds per processor
|residual|=2.939145e+07
|residualMax|=2.531387e+05
|error|=4.527687e+04
|errorMax|=1.900075e+02
|++++++++++++++++++++++++++++++++++++++++++++|
|++++++++++++++++++++++++++++++++++++++++++++|
Start 1-D Solver for [1000] iterations with resolution of [1000]
numprocs = 40
dims=(40,1)
|total runtime|= 1.348648e+01 seconds
|average runtime per process|= 8.442518e-03 seconds per processor
|residual|=2.939145e+07
|residualMax|=2.531387e+05
|error|=4.527687e+04
|errorMax|=1.900075e+02
|++++++++++++++++++++++++++++++++++++++++++++|
|++++++++++++++++++++++++++++++++++++++++++++|
Start 1-D Solver for [1000] iterations with resolution of [4000]
numprocs = 1
dims=(1,1)
|total runtime|= 6.604012e+01 seconds
|average runtime per process|= 6.604012e+01 seconds per processor
|residual|=9.592535e+08
|residualMax|=4.130151e+06
|error|=2.051889e+05
|errorMax|=2.419050e+02
|++++++++++++++++++++++++++++++++++++++++++++|
|++++++++++++++++++++++++++++++++++++++++++++|
Start 1-D Solver for [1000] iterations with resolution of [4000]
numprocs = 2
dims=(2,1)
|total runtime|= 6.902166e+01 seconds
|average runtime per process|= 1.726374e+01 seconds per processor
|residual|=9.592535e+08
|residualMax|=4.130151e+06
|error|=2.051889e+05
|errorMax|=2.419050e+02
|++++++++++++++++++++++++++++++++++++++++++++|
|++++++++++++++++++++++++++++++++++++++++++++|
Start 1-D Solver for [1000] iterations with resolution of [4000]
numprocs = 5
dims=(5,1)
|total runtime|= 7.073115e+01 seconds
|average runtime per process|= 2.832225e+00 seconds per processor
|residual|=9.592535e+08
|residualMax|=4.130151e+06
|error|=2.051889e+05
|errorMax|=2.419050e+02
|++++++++++++++++++++++++++++++++++++++++++++|
|++++++++++++++++++++++++++++++++++++++++++++|
Start 1-D Solver for [1000] iterations with resolution of [4000]
numprocs = 10
dims=(10,1)
|total runtime|= 8.137255e+01 seconds
|average runtime per process|= 8.146497e-01 seconds per processor
|residual|=9.592535e+08
|residualMax|=4.130151e+06
|error|=2.051889e+05
|errorMax|=2.419050e+02
|++++++++++++++++++++++++++++++++++++++++++++|
|++++++++++++++++++++++++++++++++++++++++++++|
Start 1-D Solver for [1000] iterations with resolution of [4000]
numprocs = 20
dims=(20,1)
|total runtime|= 1.031716e+02 seconds
|average runtime per process|= 2.582742e-01 seconds per processor
|residual|=9.592535e+08
|residualMax|=4.130151e+06
|error|=2.051889e+05
|errorMax|=2.419050e+02
|++++++++++++++++++++++++++++++++++++++++++++|
|++++++++++++++++++++++++++++++++++++++++++++|
Start 1-D Solver for [1000] iterations with resolution of [4000]
numprocs = 40
dims=(40,1)
|total runtime|= 1.797371e+02 seconds
|average runtime per process|= 1.123562e-01 seconds per processor
|residual|=9.592535e+08
|residualMax|=4.130151e+06
|error|=2.051889e+05
|errorMax|=2.419050e+02
|++++++++++++++++++++++++++++++++++++++++++++|
