/usr/bin/sinfo
|++++++++++++++++++++++++++++++++++++++++++++|
Start Solver for [1000] iterations with resolution of [125]
numprocs = 1
dims=(1,1)
coords=(0,0)
coords: 0,0 rank: 0 size: 125,125
|total runtime|= 7.582042e-02 seconds
|average runtime per process|= 7.582042e-02 seconds per processor
|residual|=6.966978e+04
|residualMax|=1.620918e+03
|error|=6.495868e+02
|errorMax|=1.365146e+01
|++++++++++++++++++++++++++++++++++++++++++++|
|++++++++++++++++++++++++++++++++++++++++++++|
Start Solver for [1000] iterations with resolution of [125]
numprocs = 2
dims=(2,1)
coords=(0,0)
coords: 0,0 rank: 0 size: 63,125
coords: 1,0 rank: 1 size: 64,125
|total runtime|= 2.318801e-02 seconds
|average runtime per process|= 1.159400e-02 seconds per processor
|residual|=4.874255e+04
|residualMax|=1.610556e+03
|error|=4.694577e+02
|errorMax|=1.374638e+01
|++++++++++++++++++++++++++++++++++++++++++++|
|++++++++++++++++++++++++++++++++++++++++++++|
Start Solver for [1000] iterations with resolution of [125]
coords: 1,0 rank: 1 size: 26,125
coords: 2,0 rank: 2 size: 26,125
coords: 3,0 rank: 3 size: 26,125
coords: 4,0 rank: 4 size: 29,125
numprocs = 5
dims=(5,1)
coords=(0,0)
coords: 0,0 rank: 0 size: 26,125
|total runtime|= 1.374381e-02 seconds
|average runtime per process|= 2.748763e-03 seconds per processor
|residual|=2.688601e+04
|residualMax|=1.520722e+03
|error|=2.506029e+02
|errorMax|=1.279992e+01
|++++++++++++++++++++++++++++++++++++++++++++|
|++++++++++++++++++++++++++++++++++++++++++++|
Start Solver for [1000] iterations with resolution of [125]
numprocs = 10
dims=(10,1)
coords=(0,0)
coords: 9,0 rank: 9 size: 17,125
coords: 0,0 rank: 0 size: 14,125
coords: 1,0 rank: 1 size: 14,125
coords: 2,0 rank: 2 size: 14,125
coords: 3,0 rank: 3 size: 14,125
coords: 4,0 rank: 4 size: 14,125
coords: 5,0 rank: 5 size: 14,125
coords: 6,0 rank: 6 size: 14,125
coords: 7,0 rank: 7 size: 14,125
coords: 8,0 rank: 8 size: 14,125
|total runtime|= 1.161142e-02 seconds
|average runtime per process|= 1.161142e-03 seconds per processor
|residual|=1.098202e+04
|residualMax|=9.260054e+02
|error|=1.023914e+02
|errorMax|=7.798600e+00
|++++++++++++++++++++++++++++++++++++++++++++|
|++++++++++++++++++++++++++++++++++++++++++++|
Start Solver for [1000] iterations with resolution of [125]
numprocs = 20
dims=(20,1)
coords=(0,0)
coords: 0,0 rank: 0 size: 8,125
coords: 10,0 rank: 10 size: 8,125
coords: 11,0 rank: 11 size: 8,125
coords: 12,0 rank: 12 size: 8,125
coords: 13,0 rank: 13 size: 8,125
coords: 14,0 rank: 14 size: 8,125
coords: 15,0 rank: 15 size: 8,125
coords: 16,0 rank: 16 size: 8,125
coords: 17,0 rank: 17 size: 8,125
coords: 18,0 rank: 18 size: 8,125
coords: 19,0 rank: 19 size: 11,125
coords: 4,0 rank: 4 size: 8,125
coords: 5,0 rank: 5 size: 8,125
coords: 6,0 rank: 6 size: 8,125
coords: 7,0 rank: 7 size: 8,125
coords: 8,0 rank: 8 size: 8,125
coords: 9,0 rank: 9 size: 8,125
coords: 1,0 rank: 1 size: 8,125
coords: 2,0 rank: 2 size: 8,125
coords: 3,0 rank: 3 size: 8,125
|total runtime|= 8.673617e-03 seconds
|average runtime per process|= 4.336809e-04 seconds per processor
|residual|=4.231357e+03
|residualMax|=4.852443e+02
|error|=3.945220e+01
|errorMax|=4.086741e+00
|++++++++++++++++++++++++++++++++++++++++++++|
|++++++++++++++++++++++++++++++++++++++++++++|
Start Solver for [1000] iterations with resolution of [125]
numprocs = 40
dims=(40,1)
coords=(0,0)
coords: 34,0 rank: 34 size: 5,125
coords: 35,0 rank: 35 size: 5,125
coords: 36,0 rank: 36 size: 5,125
coords: 37,0 rank: 37 size: 5,125
coords: 38,0 rank: 38 size: 5,125
coords: 39,0 rank: 39 size: 8,125
coords: 0,0 rank: 0 size: 5,125
coords: 4,0 rank: 4 size: 5,125
coords: 5,0 rank: 5 size: 5,125
coords: 6,0 rank: 6 size: 5,125
coords: 7,0 rank: 7 size: 5,125
coords: 8,0 rank: 8 size: 5,125
coords: 9,0 rank: 9 size: 5,125
coords: 10,0 rank: 10 size: 5,125
coords: 11,0 rank: 11 size: 5,125
coords: 12,0 rank: 12 size: 5,125
coords: 13,0 rank: 13 size: 5,125
coords: 14,0 rank: 14 size: 5,125
coords: 15,0 rank: 15 size: 5,125
coords: 16,0 rank: 16 size: 5,125
coords: 17,0 rank: 17 size: 5,125
coords: 18,0 rank: 18 size: 5,125
coords: 19,0 rank: 19 size: 5,125
coords: 20,0 rank: 20 size: 5,125
coords: 21,0 rank: 21 size: 5,125
coords: 22,0 rank: 22 size: 5,125
coords: 23,0 rank: 23 size: 5,125
coords: 24,0 rank: 24 size: 5,125
coords: 25,0 rank: 25 size: 5,125
coords: 26,0 rank: 26 size: 5,125
coords: 27,0 rank: 27 size: 5,125
coords: 28,0 rank: 28 size: 5,125
coords: 29,0 rank: 29 size: 5,125
coords: 30,0 rank: 30 size: 5,125
coords: 31,0 rank: 31 size: 5,125
coords: 32,0 rank: 32 size: 5,125
coords: 33,0 rank: 33 size: 5,125
coords: 1,0 rank: 1 size: 5,125
coords: 2,0 rank: 2 size: 5,125
coords: 3,0 rank: 3 size: 5,125
|total runtime|= 1.087368e-02 seconds
|average runtime per process|= 2.718419e-04 seconds per processor
|residual|=1.672513e+03
|residualMax|=2.454520e+02
|error|=1.559417e+01
|errorMax|=2.067210e+00
|++++++++++++++++++++++++++++++++++++++++++++|
|++++++++++++++++++++++++++++++++++++++++++++|
Start Solver for [1000] iterations with resolution of [250]
numprocs = 1
dims=(1,1)
coords=(0,0)
coords: 0,0 rank: 0 size: 250,250
|total runtime|= 1.558317e-01 seconds
|average runtime per process|= 1.558317e-01 seconds per processor
|residual|=8.629499e+05
|residualMax|=1.417549e+04
|error|=5.461801e+03
|errorMax|=7.039834e+01
|++++++++++++++++++++++++++++++++++++++++++++|
|++++++++++++++++++++++++++++++++++++++++++++|
Start Solver for [1000] iterations with resolution of [250]
numprocs = 2
dims=(2,1)
coords=(0,0)
coords: 1,0 rank: 1 size: 126,250
coords: 0,0 rank: 0 size: 126,250
|total runtime|= 7.707418e-02 seconds
|average runtime per process|= 3.853709e-02 seconds per processor
|residual|=6.101977e+05
|residualMax|=1.417549e+04
|error|=3.862076e+03
|errorMax|=7.039834e+01
|++++++++++++++++++++++++++++++++++++++++++++|
|++++++++++++++++++++++++++++++++++++++++++++|
Start Solver for [1000] iterations with resolution of [250]
coords: 1,0 rank: 1 size: 51,250
coords: 2,0 rank: 2 size: 51,250
coords: 3,0 rank: 3 size: 51,250
coords: 4,0 rank: 4 size: 54,250
numprocs = 5
dims=(5,1)
coords=(0,0)
coords: 0,0 rank: 0 size: 51,250
|total runtime|= 4.327518e-02 seconds
|average runtime per process|= 8.655037e-03 seconds per processor
|residual|=3.353827e+05
|residualMax|=1.339079e+04
|error|=2.122711e+03
|errorMax|=6.650136e+01
|++++++++++++++++++++++++++++++++++++++++++++|
|++++++++++++++++++++++++++++++++++++++++++++|
Start Solver for [1000] iterations with resolution of [250]
coords: 6,0 rank: 6 size: 26,250
coords: 8,0 rank: 8 size: 26,250
coords: 9,0 rank: 9 size: 34,250
numprocs = 10
dims=(10,1)
coords=(0,0)
coords: 0,0 rank: 0 size: 26,250
coords: 1,0 rank: 1 size: 26,250
coords: 2,0 rank: 2 size: 26,250
coords: 4,0 rank: 4 size: 26,250
coords: 5,0 rank: 5 size: 26,250
coords: 3,0 rank: 3 size: 26,250
coords: 7,0 rank: 7 size: 26,250
|total runtime|= 2.765307e-02 seconds
|average runtime per process|= 2.765307e-03 seconds per processor
|residual|=1.314823e+05
|residualMax|=8.069731e+03
|error|=8.321806e+02
|errorMax|=4.007591e+01
|++++++++++++++++++++++++++++++++++++++++++++|
|++++++++++++++++++++++++++++++++++++++++++++|
Start Solver for [1000] iterations with resolution of [250]
numprocs = 20
dims=(20,1)
coords=(0,0)
coords: 0,0 rank: 0 size: 14,250
coords: 18,0 rank: 18 size: 14,250
coords: 2,0 rank: 2 size: 14,250
coords: 4,0 rank: 4 size: 14,250
coords: 6,0 rank: 6 size: 14,250
coords: 8,0 rank: 8 size: 14,250
coords: 10,0 rank: 10 size: 14,250
coords: 12,0 rank: 12 size: 14,250
coords: 14,0 rank: 14 size: 14,250
coords: 16,0 rank: 16 size: 14,250
coords: 5,0 rank: 5 size: 14,250
coords: 7,0 rank: 7 size: 14,250
coords: 9,0 rank: 9 size: 14,250
coords: 11,0 rank: 11 size: 14,250
coords: 13,0 rank: 13 size: 14,250
coords: 15,0 rank: 15 size: 14,250
coords: 17,0 rank: 17 size: 14,250
coords: 19,0 rank: 19 size: 22,250
coords: 1,0 rank: 1 size: 14,250
coords: 3,0 rank: 3 size: 14,250
|total runtime|= 2.131149e-02 seconds
|average runtime per process|= 1.065575e-03 seconds per processor
|residual|=4.926419e+04
|residualMax|=4.227185e+03
|error|=3.118039e+02
|errorMax|=2.099306e+01
|++++++++++++++++++++++++++++++++++++++++++++|
|++++++++++++++++++++++++++++++++++++++++++++|
Start Solver for [1000] iterations with resolution of [250]
numprocs = 40
dims=(40,1)
coords=(0,0)
coords: 38,0 rank: 38 size: 8,250
coords: 39,0 rank: 39 size: 16,250
coords: 0,0 rank: 0 size: 8,250
coords: 8,0 rank: 8 size: 8,250
coords: 9,0 rank: 9 size: 8,250
coords: 10,0 rank: 10 size: 8,250
coords: 11,0 rank: 11 size: 8,250
coords: 12,0 rank: 12 size: 8,250
coords: 13,0 rank: 13 size: 8,250
coords: 14,0 rank: 14 size: 8,250
coords: 15,0 rank: 15 size: 8,250
coords: 16,0 rank: 16 size: 8,250
coords: 17,0 rank: 17 size: 8,250
coords: 18,0 rank: 18 size: 8,250
coords: 19,0 rank: 19 size: 8,250
coords: 20,0 rank: 20 size: 8,250
coords: 21,0 rank: 21 size: 8,250
coords: 22,0 rank: 22 size: 8,250
coords: 23,0 rank: 23 size: 8,250
coords: 24,0 rank: 24 size: 8,250
coords: 25,0 rank: 25 size: 8,250
coords: 26,0 rank: 26 size: 8,250
coords: 27,0 rank: 27 size: 8,250
coords: 28,0 rank: 28 size: 8,250
coords: 29,0 rank: 29 size: 8,250
coords: 30,0 rank: 30 size: 8,250
coords: 31,0 rank: 31 size: 8,250
coords: 32,0 rank: 32 size: 8,250
coords: 33,0 rank: 33 size: 8,250
coords: 34,0 rank: 34 size: 8,250
coords: 35,0 rank: 35 size: 8,250
coords: 36,0 rank: 36 size: 8,250
coords: 37,0 rank: 37 size: 8,250
coords: 1,0 rank: 1 size: 8,250
coords: 2,0 rank: 2 size: 8,250
coords: 3,0 rank: 3 size: 8,250
coords: 4,0 rank: 4 size: 8,250
coords: 5,0 rank: 5 size: 8,250
coords: 6,0 rank: 6 size: 8,250
coords: 7,0 rank: 7 size: 8,250
|total runtime|= 2.287911e-02 seconds
|average runtime per process|= 5.719776e-04 seconds per processor
|residual|=1.856734e+04
|residualMax|=2.138051e+03
|error|=1.175168e+02
|errorMax|=1.061799e+01
|++++++++++++++++++++++++++++++++++++++++++++|
|++++++++++++++++++++++++++++++++++++++++++++|
Start Solver for [1000] iterations with resolution of [1000]
numprocs = 1
dims=(1,1)
coords=(0,0)
coords: 0,0 rank: 0 size: 1000,1000
|total runtime|= 3.005419e+00 seconds
|average runtime per process|= 3.005419e+00 seconds per processor
|residual|=3.032070e+07
|residualMax|=2.587728e+05
|error|=4.482126e+04
|errorMax|=1.880990e+02
|++++++++++++++++++++++++++++++++++++++++++++|
|++++++++++++++++++++++++++++++++++++++++++++|
Start Solver for [1000] iterations with resolution of [1000]
numprocs = 2
dims=(2,1)
coords=(0,0)
coords: 0,0 rank: 0 size: 501,1000
coords: 1,0 rank: 1 size: 501,1000
|total runtime|= 1.625884e+00 seconds
|average runtime per process|= 8.129421e-01 seconds per processor
|residual|=2.143997e+07
|residualMax|=2.587728e+05
|error|=3.169342e+04
|errorMax|=1.880990e+02
|++++++++++++++++++++++++++++++++++++++++++++|
|++++++++++++++++++++++++++++++++++++++++++++|
Start Solver for [1000] iterations with resolution of [1000]
numprocs = 5
dims=(5,1)
coords=(0,0)
coords: 0,0 rank: 0 size: 201,1000
coords: 4,0 rank: 4 size: 204,1000
coords: 1,0 rank: 1 size: 201,1000
coords: 2,0 rank: 2 size: 201,1000
coords: 3,0 rank: 3 size: 201,1000
|total runtime|= 6.018942e-01 seconds
|average runtime per process|= 1.203788e-01 seconds per processor
|residual|=1.184769e+07
|residualMax|=2.457024e+05
|error|=1.751372e+04
|errorMax|=1.785982e+02
|++++++++++++++++++++++++++++++++++++++++++++|
|++++++++++++++++++++++++++++++++++++++++++++|
Start Solver for [1000] iterations with resolution of [1000]
numprocs = 10
dims=(10,1)
coords=(0,0)
coords: 2,0 rank: 2 size: 101,1000
coords: 3,0 rank: 3 size: 101,1000
coords: 4,0 rank: 4 size: 101,1000
coords: 5,0 rank: 5 size: 101,1000
coords: 6,0 rank: 6 size: 101,1000
coords: 7,0 rank: 7 size: 101,1000
coords: 8,0 rank: 8 size: 101,1000
coords: 9,0 rank: 9 size: 109,1000
coords: 0,0 rank: 0 size: 101,1000
coords: 1,0 rank: 1 size: 101,1000
|total runtime|= 3.305982e-01 seconds
|average runtime per process|= 3.305982e-02 seconds per processor
|residual|=4.701285e+06
|residualMax|=1.509155e+05
|error|=6.949625e+03
|errorMax|=1.096988e+02
|++++++++++++++++++++++++++++++++++++++++++++|
|++++++++++++++++++++++++++++++++++++++++++++|
Start Solver for [1000] iterations with resolution of [1000]
numprocs = 20
dims=(20,1)
coords=(0,0)
coords: 19,0 rank: 19 size: 69,1000
coords: 1,0 rank: 1 size: 51,1000
coords: 3,0 rank: 3 size: 51,1000
coords: 5,0 rank: 5 size: 51,1000
coords: 7,0 rank: 7 size: 51,1000
coords: 9,0 rank: 9 size: 51,1000
coords: 11,0 rank: 11 size: 51,1000
coords: 13,0 rank: 13 size: 51,1000
coords: 15,0 rank: 15 size: 51,1000
coords: 17,0 rank: 17 size: 51,1000
coords: 4,0 rank: 4 size: 51,1000
coords: 6,0 rank: 6 size: 51,1000
coords: 8,0 rank: 8 size: 51,1000
coords: 10,0 rank: 10 size: 51,1000
coords: 12,0 rank: 12 size: 51,1000
coords: 14,0 rank: 14 size: 51,1000
coords: 16,0 rank: 16 size: 51,1000
coords: 18,0 rank: 18 size: 51,1000
coords: 0,0 rank: 0 size: 51,1000
coords: 2,0 rank: 2 size: 51,1000
|total runtime|= 2.269925e-01 seconds
|average runtime per process|= 1.134962e-02 seconds per processor
|residual|=1.699028e+06
|residualMax|=7.849337e+04
|error|=2.511570e+03
|errorMax|=5.705593e+01
|++++++++++++++++++++++++++++++++++++++++++++|
|++++++++++++++++++++++++++++++++++++++++++++|
Start Solver for [1000] iterations with resolution of [1000]
numprocs = 40
dims=(40,1)
coords=(0,0)
coords: 17,0 rank: 17 size: 26,1000
coords: 18,0 rank: 18 size: 26,1000
coords: 19,0 rank: 19 size: 26,1000
coords: 20,0 rank: 20 size: 26,1000
coords: 21,0 rank: 21 size: 26,1000
coords: 22,0 rank: 22 size: 26,1000
coords: 23,0 rank: 23 size: 26,1000
coords: 24,0 rank: 24 size: 26,1000
coords: 25,0 rank: 25 size: 26,1000
coords: 26,0 rank: 26 size: 26,1000
coords: 27,0 rank: 27 size: 26,1000
coords: 28,0 rank: 28 size: 26,1000
coords: 29,0 rank: 29 size: 26,1000
coords: 30,0 rank: 30 size: 26,1000
coords: 31,0 rank: 31 size: 26,1000
coords: 32,0 rank: 32 size: 26,1000
coords: 33,0 rank: 33 size: 26,1000
coords: 34,0 rank: 34 size: 26,1000
coords: 35,0 rank: 35 size: 26,1000
coords: 36,0 rank: 36 size: 26,1000
coords: 37,0 rank: 37 size: 26,1000
coords: 38,0 rank: 38 size: 26,1000
coords: 39,0 rank: 39 size: 64,1000
coords: 0,0 rank: 0 size: 26,1000
coords: 14,0 rank: 14 size: 26,1000
coords: 15,0 rank: 15 size: 26,1000
coords: 16,0 rank: 16 size: 26,1000
coords: 1,0 rank: 1 size: 26,1000
coords: 2,0 rank: 2 size: 26,1000
coords: 3,0 rank: 3 size: 26,1000
coords: 4,0 rank: 4 size: 26,1000
coords: 5,0 rank: 5 size: 26,1000
coords: 6,0 rank: 6 size: 26,1000
coords: 7,0 rank: 7 size: 26,1000
coords: 8,0 rank: 8 size: 26,1000
coords: 9,0 rank: 9 size: 26,1000
coords: 10,0 rank: 10 size: 26,1000
coords: 11,0 rank: 11 size: 26,1000
coords: 12,0 rank: 12 size: 26,1000
coords: 13,0 rank: 13 size: 26,1000
|total runtime|= 2.427297e-01 seconds
|average runtime per process|= 6.068241e-03 seconds per processor
|residual|=5.958729e+05
|residualMax|=3.891296e+04
|error|=8.808428e+02
|errorMax|=2.828538e+01
|++++++++++++++++++++++++++++++++++++++++++++|
|++++++++++++++++++++++++++++++++++++++++++++|
Start Solver for [1000] iterations with resolution of [4000]
numprocs = 1
dims=(1,1)
coords=(0,0)
coords: 0,0 rank: 0 size: 4000,4000
|total runtime|= 5.495064e+01 seconds
|average runtime per process|= 5.495064e+01 seconds per processor
|residual|=9.614589e+08
|residualMax|=4.136747e+06
|error|=2.050640e+05
|errorMax|=2.417579e+02
|++++++++++++++++++++++++++++++++++++++++++++|
|++++++++++++++++++++++++++++++++++++++++++++|
Start Solver for [1000] iterations with resolution of [4000]
numprocs = 2
dims=(2,1)
coords=(0,0)
coords: 1,0 rank: 1 size: 2001,4000
coords: 0,0 rank: 0 size: 2001,4000
|total runtime|= 2.901989e+01 seconds
|average runtime per process|= 1.450995e+01 seconds per processor
|residual|=6.798541e+08
|residualMax|=4.136747e+06
|error|=1.450021e+05
|errorMax|=2.417579e+02
|++++++++++++++++++++++++++++++++++++++++++++|
|++++++++++++++++++++++++++++++++++++++++++++|
Start Solver for [1000] iterations with resolution of [4000]
numprocs = 5
dims=(5,1)
coords=(0,0)
coords: 3,0 rank: 3 size: 801,4000
coords: 4,0 rank: 4 size: 804,4000
coords: 0,0 rank: 0 size: 801,4000
coords: 1,0 rank: 1 size: 801,4000
coords: 2,0 rank: 2 size: 801,4000
|total runtime|= 1.187590e+01 seconds
|average runtime per process|= 2.375179e+00 seconds per processor
|residual|=3.761871e+08
|residualMax|=3.932670e+06
|error|=8.023476e+04
|errorMax|=2.298314e+02
|++++++++++++++++++++++++++++++++++++++++++++|
|++++++++++++++++++++++++++++++++++++++++++++|
Start Solver for [1000] iterations with resolution of [4000]
numprocs = 10
dims=(10,1)
coords=(0,0)
coords: 2,0 rank: 2 size: 401,4000
coords: 3,0 rank: 3 size: 401,4000
coords: 4,0 rank: 4 size: 401,4000
coords: 5,0 rank: 5 size: 401,4000
coords: 6,0 rank: 6 size: 401,4000
coords: 7,0 rank: 7 size: 401,4000
coords: 8,0 rank: 8 size: 401,4000
coords: 9,0 rank: 9 size: 409,4000
coords: 0,0 rank: 0 size: 401,4000
coords: 1,0 rank: 1 size: 401,4000
|total runtime|= 6.633002e+00 seconds
|average runtime per process|= 6.633002e-01 seconds per processor
|residual|=1.497169e+08
|residualMax|=2.426784e+06
|error|=3.193225e+04
|errorMax|=1.418251e+02
|++++++++++++++++++++++++++++++++++++++++++++|
|++++++++++++++++++++++++++++++++++++++++++++|
Start Solver for [1000] iterations with resolution of [4000]
numprocs = 20
dims=(20,1)
coords=(0,0)
coords: 1,0 rank: 1 size: 201,4000
coords: 3,0 rank: 3 size: 201,4000
coords: 5,0 rank: 5 size: 201,4000
coords: 7,0 rank: 7 size: 201,4000
coords: 9,0 rank: 9 size: 201,4000
coords: 11,0 rank: 11 size: 201,4000
coords: 13,0 rank: 13 size: 201,4000
coords: 15,0 rank: 15 size: 201,4000
coords: 17,0 rank: 17 size: 201,4000
coords: 19,0 rank: 19 size: 219,4000
coords: 14,0 rank: 14 size: 201,4000
coords: 16,0 rank: 16 size: 201,4000
coords: 18,0 rank: 18 size: 201,4000
coords: 0,0 rank: 0 size: 201,4000
coords: 2,0 rank: 2 size: 201,4000
coords: 4,0 rank: 4 size: 201,4000
coords: 6,0 rank: 6 size: 201,4000
coords: 8,0 rank: 8 size: 201,4000
coords: 10,0 rank: 10 size: 201,4000
coords: 12,0 rank: 12 size: 201,4000
|total runtime|= 4.127734e+00 seconds
|average runtime per process|= 2.063867e-01 seconds per processor
|residual|=5.442293e+07
|residualMax|=1.272451e+06
|error|=1.160755e+04
|errorMax|=7.436404e+01
|++++++++++++++++++++++++++++++++++++++++++++|
|++++++++++++++++++++++++++++++++++++++++++++|
Start Solver for [1000] iterations with resolution of [4000]
numprocs = 40
dims=(40,1)
coords=(0,0)
coords: 9,0 rank: 9 size: 101,4000
coords: 10,0 rank: 10 size: 101,4000
coords: 11,0 rank: 11 size: 101,4000
coords: 12,0 rank: 12 size: 101,4000
coords: 13,0 rank: 13 size: 101,4000
coords: 14,0 rank: 14 size: 101,4000
coords: 15,0 rank: 15 size: 101,4000
coords: 16,0 rank: 16 size: 101,4000
coords: 17,0 rank: 17 size: 101,4000
coords: 18,0 rank: 18 size: 101,4000
coords: 19,0 rank: 19 size: 101,4000
coords: 20,0 rank: 20 size: 101,4000
coords: 21,0 rank: 21 size: 101,4000
coords: 22,0 rank: 22 size: 101,4000
coords: 23,0 rank: 23 size: 101,4000
coords: 24,0 rank: 24 size: 101,4000
coords: 25,0 rank: 25 size: 101,4000
coords: 26,0 rank: 26 size: 101,4000
coords: 27,0 rank: 27 size: 101,4000
coords: 28,0 rank: 28 size: 101,4000
coords: 29,0 rank: 29 size: 101,4000
coords: 30,0 rank: 30 size: 101,4000
coords: 31,0 rank: 31 size: 101,4000
coords: 32,0 rank: 32 size: 101,4000
coords: 33,0 rank: 33 size: 101,4000
coords: 34,0 rank: 34 size: 101,4000
coords: 35,0 rank: 35 size: 101,4000
coords: 36,0 rank: 36 size: 101,4000
coords: 37,0 rank: 37 size: 101,4000
coords: 38,0 rank: 38 size: 101,4000
coords: 39,0 rank: 39 size: 139,4000
coords: 0,0 rank: 0 size: 101,4000
coords: 4,0 rank: 4 size: 101,4000
coords: 5,0 rank: 5 size: 101,4000
coords: 6,0 rank: 6 size: 101,4000
coords: 7,0 rank: 7 size: 101,4000
coords: 8,0 rank: 8 size: 101,4000
coords: 1,0 rank: 1 size: 101,4000
coords: 2,0 rank: 2 size: 101,4000
coords: 3,0 rank: 3 size: 101,4000
|total runtime|= 3.551862e+00 seconds
|average runtime per process|= 8.879655e-02 seconds per processor
|residual|=1.931103e+07
|residualMax|=6.408699e+05
|error|=4.118738e+03
|errorMax|=3.745344e+01
|++++++++++++++++++++++++++++++++++++++++++++|
